<?xml version="1.0" encoding="UTF-8"?>
<!-- Generated by org.testng.reporters.JUnitXMLReporter -->
<testsuite ignored="0" hostname="rayhan" failures="0" tests="6" name="Default test" time="0.034" errors="0" timestamp="2022-12-26T23:49:14 EST">
  <testcase classname="com.TestNG.PracticeGroup" name="login" time="0.005"/>
  <testcase classname="com.TestNG.PracticeGroup" name="Book" time="0.0"/>
  <testcase classname="com.TestNG.PracticeGroup" name="Pen" time="0.001"/>
  <testcase classname="com.TestNG.PracticeGroup" name="WorkBook" time="0.0"/>
  <testcase classname="com.TestNG.PracticeGroup" name="Cart" time="0.0"/>
  <testcase classname="com.TestNG.PracticeGroup" name="Payment" time="0.0"/>
</testsuite> <!-- Default test -->
