<?xml version="1.0" encoding="UTF-8"?>
<testng-results ignored="0" total="1" passed="1" failed="0" skipped="0">
  <reporter-output>
  </reporter-output>
  <suite started-at="2022-12-27T19:03:09 EST" name="Suite" finished-at="2022-12-27T19:03:09 EST" duration-ms="37">
    <groups>
    </groups>
    <test started-at="2022-12-27T19:03:09 EST" name="Test" finished-at="2022-12-27T19:03:09 EST" duration-ms="37">
      <class name="com.TestNG.PracticParameter">
        <test-method signature="getName(java.lang.String)[pri:0, instance:com.TestNG.PracticParameter@a530d0a]" started-at="2022-12-27T19:03:09 EST" name="getName" finished-at="2022-12-27T19:03:09 EST" duration-ms="6" status="PASS">
          <params>
            <param index="0">
              <value>
                <![CDATA[Messi]]>
              </value>
            </param>
          </params>
          <reporter-output>
          </reporter-output>
        </test-method> <!-- getName -->
      </class> <!-- com.TestNG.PracticParameter -->
    </test> <!-- Test -->
  </suite> <!-- Suite -->
</testng-results>
